\\PSF\DROPBOX\DATA\仕事用\ライブラリWIN\VC_PROJECT\IMAGETRACER\IMAGETRACER\RELEASE\IMAGETRACER.PCH
\\PSF\DROPBOX\DATA\仕事用\ライブラリWIN\VC_PROJECT\IMAGETRACER\IMAGETRACER\RELEASE\STDAFX.OBJ
\\PSF\DROPBOX\DATA\仕事用\ライブラリWIN\VC_PROJECT\IMAGETRACER\IMAGETRACER\RELEASE\VC110.PDB
\\PSF\DROPBOX\DATA\仕事用\ライブラリWIN\VC_PROJECT\IMAGETRACER\IMAGETRACER\RELEASE\CLIPPER.OBJ
\\PSF\DROPBOX\DATA\仕事用\ライブラリWIN\VC_PROJECT\IMAGETRACER\IMAGETRACER\RELEASE\MAINCONTROLLER_GUI.OBJ
\\PSF\DROPBOX\DATA\仕事用\ライブラリWIN\VC_PROJECT\IMAGETRACER\IMAGETRACER\RELEASE\MAINCONTROLLER.OBJ
\\PSF\DROPBOX\DATA\仕事用\ライブラリWIN\VC_PROJECT\IMAGETRACER\IMAGETRACER\RELEASE\POTRACE.OBJ
\\PSF\DROPBOX\DATA\仕事用\ライブラリWIN\VC_PROJECT\IMAGETRACER\IMAGETRACER\RELEASE\MAKEBINARYARRAY.OBJ
\\PSF\DROPBOX\DATA\仕事用\ライブラリWIN\VC_PROJECT\IMAGETRACER\IMAGETRACER\RELEASE\IMAGETRACER.OBJ
\\PSF\DROPBOX\DATA\仕事用\ライブラリWIN\VC_PROJECT\IMAGETRACER\IMAGETRACER\RELEASE\BITMAP.OBJ
\\PSF\DROPBOX\DATA\仕事用\ライブラリWIN\VC_PROJECT\IMAGETRACER\IMAGETRACER\RELEASE\GETOPT1.OBJ
\\PSF\DROPBOX\DATA\仕事用\ライブラリWIN\VC_PROJECT\IMAGETRACER\IMAGETRACER\RELEASE\POTRACELIB.OBJ
\\PSF\DROPBOX\DATA\仕事用\ライブラリWIN\VC_PROJECT\IMAGETRACER\IMAGETRACER\RELEASE\CURVE.OBJ
\\PSF\DROPBOX\DATA\仕事用\ライブラリWIN\VC_PROJECT\IMAGETRACER\IMAGETRACER\RELEASE\TRACE.OBJ
\\PSF\DROPBOX\DATA\仕事用\ライブラリWIN\VC_PROJECT\IMAGETRACER\IMAGETRACER\RELEASE\DECOMPOSE.OBJ
\\PSF\DROPBOX\DATA\仕事用\ライブラリWIN\VC_PROJECT\IMAGETRACER\IMAGETRACER\RELEASE\LZW.OBJ
\\PSF\DROPBOX\DATA\仕事用\ライブラリWIN\VC_PROJECT\IMAGETRACER\IMAGETRACER\RELEASE\IMAGETRACER.RES
\\psf\Dropbox\Data\仕事用\ライブラリWin\VC_Project\ImageTracer\ImageTracer\Release\Bitmap.obj
\\psf\Dropbox\Data\仕事用\ライブラリWin\VC_Project\ImageTracer\ImageTracer\Release\CheckColorAndMakeBinary.obj
\\psf\Dropbox\Data\仕事用\ライブラリWin\VC_Project\ImageTracer\ImageTracer\Release\clipper.obj
\\psf\Dropbox\Data\仕事用\ライブラリWin\VC_Project\ImageTracer\ImageTracer\Release\curve.obj
\\psf\Dropbox\Data\仕事用\ライブラリWin\VC_Project\ImageTracer\ImageTracer\Release\decompose.obj
\\psf\Dropbox\Data\仕事用\ライブラリWin\VC_Project\ImageTracer\ImageTracer\Release\getopt1.obj
\\psf\Dropbox\Data\仕事用\ライブラリWin\VC_Project\ImageTracer\ImageTracer\Release\ImageTracer.obj
\\psf\Dropbox\Data\仕事用\ライブラリWin\VC_Project\ImageTracer\ImageTracer\Release\lzw.obj
\\psf\Dropbox\Data\仕事用\ライブラリWin\VC_Project\ImageTracer\ImageTracer\Release\mainController.obj
\\psf\Dropbox\Data\仕事用\ライブラリWin\VC_Project\ImageTracer\ImageTracer\Release\mainController_GUI.obj
\\psf\Dropbox\Data\仕事用\ライブラリWin\VC_Project\ImageTracer\ImageTracer\Release\MakeBinaryArray.obj
\\psf\Dropbox\Data\仕事用\ライブラリWin\VC_Project\ImageTracer\ImageTracer\Release\Potrace.obj
\\psf\Dropbox\Data\仕事用\ライブラリWin\VC_Project\ImageTracer\ImageTracer\Release\potracelib.obj
\\psf\Dropbox\Data\仕事用\ライブラリWin\VC_Project\ImageTracer\ImageTracer\Release\stdafx.obj
\\psf\Dropbox\Data\仕事用\ライブラリWin\VC_Project\ImageTracer\ImageTracer\Release\trace.obj
\\psf\Dropbox\Data\仕事用\ライブラリWin\VC_Project\ImageTracer\ImageTracer\Release\cl.command.1.tlog
\\psf\Dropbox\Data\仕事用\ライブラリWin\VC_Project\ImageTracer\ImageTracer\Release\cl.read.1.tlog
\\psf\Dropbox\Data\仕事用\ライブラリWin\VC_Project\ImageTracer\ImageTracer\Release\cl.write.1.tlog
\\psf\Dropbox\Data\仕事用\ライブラリWin\VC_Project\ImageTracer\ImageTracer\Release\link-cvtres.read.1.tlog
\\psf\Dropbox\Data\仕事用\ライブラリWin\VC_Project\ImageTracer\ImageTracer\Release\link-cvtres.write.1.tlog
\\psf\Dropbox\Data\仕事用\ライブラリWin\VC_Project\ImageTracer\ImageTracer\Release\link-rc.read.1.tlog
\\psf\Dropbox\Data\仕事用\ライブラリWin\VC_Project\ImageTracer\ImageTracer\Release\link-rc.write.1.tlog
\\psf\Dropbox\Data\仕事用\ライブラリWin\VC_Project\ImageTracer\ImageTracer\Release\link.command.1.tlog
\\psf\Dropbox\Data\仕事用\ライブラリWin\VC_Project\ImageTracer\ImageTracer\Release\link.read.1.tlog
\\psf\Dropbox\Data\仕事用\ライブラリWin\VC_Project\ImageTracer\ImageTracer\Release\link.read.2.tlog
\\psf\Dropbox\Data\仕事用\ライブラリWin\VC_Project\ImageTracer\ImageTracer\Release\link.write.1.tlog
\\psf\Dropbox\Data\仕事用\ライブラリWin\VC_Project\ImageTracer\ImageTracer\Release\rc.command.1.tlog
\\psf\Dropbox\Data\仕事用\ライブラリWin\VC_Project\ImageTracer\ImageTracer\Release\rc.read.1.tlog
\\psf\Dropbox\Data\仕事用\ライブラリWin\VC_Project\ImageTracer\ImageTracer\Release\rc.write.1.tlog
\\psf\Dropbox\Data\仕事用\ライブラリWin\VC_Project\ImageTracer\ImageTracer\Release\ImageTracer.res
\\psf\Dropbox\Data\仕事用\ライブラリWin\VC_Project\ImageTracer\ImageTracer\Release\ImageTracer.pch
\\psf\Dropbox\Data\仕事用\ライブラリWin\VC_Project\ImageTracer\ImageTracer\Release\vc110.pdb
\\psf\Dropbox\Data\仕事用\ライブラリWin\VC_Project\ImageTracer\Release\ImageTracer.pdb
